0 info it worked if it ends with ok
1 verbose cli [ 'node', '/usr/local/bin/npm', 'publish' ]
2 info using npm@2.9.1
3 info using node@v0.12.0
4 verbose publish [ '.' ]
5 silly cache add args [ '.', null ]
6 verbose cache add spec .
7 silly cache add parsed spec { raw: '.',
7 silly cache add   scope: null,
7 silly cache add   name: null,
7 silly cache add   rawSpec: '.',
7 silly cache add   spec: '/Users/khalid/Coding/npmjs/angular-google-maps',
7 silly cache add   type: 'directory' }
8 verbose addLocalDirectory /Users/khalid/.npm/angular-google-maps/1.0.0/package.tgz not in flight; packing
9 verbose tar pack [ '/Users/khalid/.npm/angular-google-maps/1.0.0/package.tgz',
9 verbose tar pack   '/Users/khalid/Coding/npmjs/angular-google-maps' ]
10 verbose tarball /Users/khalid/.npm/angular-google-maps/1.0.0/package.tgz
11 verbose folder /Users/khalid/Coding/npmjs/angular-google-maps
12 info prepublish angular-google-maps@1.0.0
13 verbose addLocalTarball adding from inside cache /Users/khalid/.npm/angular-google-maps/1.0.0/package.tgz
14 silly cache afterAdd angular-google-maps@1.0.0
15 verbose afterAdd /Users/khalid/.npm/angular-google-maps/1.0.0/package/package.json not in flight; writing
16 verbose afterAdd /Users/khalid/.npm/angular-google-maps/1.0.0/package/package.json written
17 silly publish { name: 'angular-google-maps',
17 silly publish   version: '1.0.0',
17 silly publish   description: 'Module to initialize Google Maps API',
17 silly publish   main: 'index.js',
17 silly publish   scripts: { test: 'mocha' },
17 silly publish   repository:
17 silly publish    { type: 'git',
17 silly publish      url: 'git+ssh://git@github.com/khalednobani/angular-google-maps.git' },
17 silly publish   keywords:
17 silly publish    [ 'Google',
17 silly publish      'APIs',
17 silly publish      'Google',
17 silly publish      'Maps',
17 silly publish      'API',
17 silly publish      'JavaScript',
17 silly publish      'Client-Side',
17 silly publish      'AngularJS' ],
17 silly publish   author: { name: 'Khaled Nobani' },
17 silly publish   license: 'ISC',
17 silly publish   bugs: { url: 'https://github.com/khalednobani/angular-google-maps/issues' },
17 silly publish   homepage: 'https://github.com/khalednobani/angular-google-maps#readme',
17 silly publish   readme: '# angular-google-maps\nInitialise Google Maps, Set Location, Drop Pins, Etc...\n',
17 silly publish   readmeFilename: 'README.md',
17 silly publish   gitHead: '41f643bc7b78d11444fd66475a26268233aa3716',
17 silly publish   _id: 'angular-google-maps@1.0.0',
17 silly publish   _shasum: '0f93c61e5f075d69f12fc5436e494b974225a1be',
17 silly publish   _from: '.' }
18 verbose getPublishConfig undefined
19 silly mapToRegistry name angular-google-maps
20 silly mapToRegistry using default registry
21 silly mapToRegistry registry https://registry.npmjs.org/
22 silly mapToRegistry uri https://registry.npmjs.org/angular-google-maps
23 verbose publish registryBase https://registry.npmjs.org/
24 silly publish uploading /Users/khalid/.npm/angular-google-maps/1.0.0/package.tgz
25 verbose request uri https://registry.npmjs.org/angular-google-maps
26 verbose request sending authorization for write operation
27 info attempt registry request try #1 at 3:47:31 PM
28 verbose request using bearer token for auth
29 verbose request id 31fad3a60517d018
30 http request PUT https://registry.npmjs.org/angular-google-maps
31 http 403 https://registry.npmjs.org/angular-google-maps
32 verbose headers { 'content-type': 'application/json',
32 verbose headers   'cache-control': 'max-age=60',
32 verbose headers   'content-length': '111',
32 verbose headers   'accept-ranges': 'bytes',
32 verbose headers   date: 'Mon, 03 Aug 2015 08:47:38 GMT',
32 verbose headers   via: '1.1 varnish',
32 verbose headers   connection: 'keep-alive',
32 verbose headers   'x-served-by': 'cache-sin6927-SIN',
32 verbose headers   'x-cache': 'MISS',
32 verbose headers   'x-cache-hits': '0',
32 verbose headers   'x-timer': 'S1438591656.603749,VS0,VE1798' }
33 verbose request invalidating /Users/khalid/.npm/registry.npmjs.org/angular-google-maps on PUT
34 error publish Failed PUT 403
35 verbose stack Error: You do not have permission to publish 'angular-google-maps'. Are you logged in as the correct user? : angular-google-maps
35 verbose stack     at CachingRegistryClient.<anonymous> (/usr/local/lib/node_modules/npm/node_modules/npm-registry-client/lib/request.js:247:14)
35 verbose stack     at Request._callback (/usr/local/lib/node_modules/npm/node_modules/npm-registry-client/lib/request.js:170:14)
35 verbose stack     at Request.self.callback (/usr/local/lib/node_modules/npm/node_modules/request/request.js:368:22)
35 verbose stack     at Request.emit (events.js:110:17)
35 verbose stack     at Request.<anonymous> (/usr/local/lib/node_modules/npm/node_modules/request/request.js:1219:14)
35 verbose stack     at Request.emit (events.js:129:20)
35 verbose stack     at IncomingMessage.<anonymous> (/usr/local/lib/node_modules/npm/node_modules/request/request.js:1167:12)
35 verbose stack     at IncomingMessage.emit (events.js:129:20)
35 verbose stack     at _stream_readable.js:908:16
35 verbose stack     at process._tickCallback (node.js:355:11)
36 verbose statusCode 403
37 verbose pkgid angular-google-maps
38 verbose cwd /Users/khalid/Coding/npmjs/angular-google-maps
39 error Darwin 14.4.0
40 error argv "node" "/usr/local/bin/npm" "publish"
41 error node v0.12.0
42 error npm  v2.9.1
43 error code E403
44 error You do not have permission to publish 'angular-google-maps'. Are you logged in as the correct user? : angular-google-maps
45 error If you need help, you may report this error at:
45 error     <https://github.com/npm/npm/issues>
46 verbose exit [ 1, true ]
